Нетерминал бесполезен в грамматике

    main_func


Терминалы не используются в грамматике

    "main"


Правила не используются в грамматике

   59 main_func: "func" "main" "(" ")" "->" type compound_statement


Грамматика

    0 $accept: prog "end of file"

    1 prog: stmtlist

    2 stmtlist: statement stmtlist_tail

    3 stmtlist_tail: %empty
    4              | stmtlist

    5 statement: assignment
    6          | cond_stmt
    7          | declarations
    8          | compound_statement
    9          | loop_stmt
   10          | echa
   11          | input
   12          | func
   13          | "return"
   14          | "break"
   15          | "continue"

   16 $@1: %empty

   17 compound_statement: "{" $@1 stmtlist "}"

   18 assignment: "name" "=" exp

   19 declarations: "int" "name" "=" exp
   20             | "float" "name" "=" exp
   21             | "char" "name" "=" exp
   22             | "bool" "name" "=" exp
   23             | "int" "name" "=" "int" "[" exp "]"
   24             | "float" "name" "=" "float" "[" exp "]"
   25             | "char" "name" "=" "char" "[" exp "]"
   26             | "bool" "name" "=" "bool" "[" exp "]"

   27 cond_stmt: "if" "(" exp ")" statement
   28          | "if" "(" exp ")" statement "else" statement

   29 loop_stmt: while_head statement
   30          | for_head statement
   31          | "do" statement while_head

   32 while_head: "while" "(" exp ")"

   33 for_head: "for" "(" exp ";" exp "relop" exp ";" exp ")"

   34 exp: exp "relop" exp
   35    | exp "plus" exp
   36    | exp "minus" exp
   37    | exp "mulop" exp
   38    | "(" exp ")"
   39    | "minus" exp
   40    | "floating point double precision"
   41    | "integer"
   42    | "name"

   43 input: "input" "(" exp ")"

   44 echa: "echa" "(" exp ")"

   45 type: "int"
   46     | "float"
   47     | "char"
   48     | "bool"
   49     | "int" "[" "]"
   50     | "float" "[" "]"
   51     | "char" "[" "]"
   52     | "bool" "[" "]"

   53 func_params: type "name"
   54            | func_params "," type "name"

   55 $@2: %empty

   56 func: "func" "name" "(" $@2 ")" "->" type "{" stmtlist "}"

   57 $@3: %empty

   58 func: "func" "name" "(" $@3 func_params ")" "->" type "{" stmtlist "}"


Терминальные символы с правилами, в которых они появляются

    "end of file" (0) 0
    error (256)
    "floating point double precision" <d> (258) 40
    "integer" <i> (259) 41
    "name" <var> (260) 18 19 20 21 22 23 24 25 26 42 53 54 56 58
    "relop" <s> (261) 33 34
    "plus" (262) 35
    "minus" (263) 36 39
    "mulop" <s> (264) 37
    "{" (265) 17 56 58
    "}" (266) 17 56 58
    "[" (267) 23 24 25 26 49 50 51 52
    "]" (268) 23 24 25 26 49 50 51 52
    "(" (269) 27 28 32 33 38 43 44 56 58
    ")" (270) 27 28 32 33 38 43 44 56 58
    "=" (271) 18 19 20 21 22 23 24 25 26
    ";" (272) 33
    "," (273) 54
    "if" (274) 27 28
    "else" (275) 28
    "int" (276) 19 23 45 49
    "float" (277) 20 24 46 50
    "char" (278) 21 25 47 51
    "bool" (279) 22 26 48 52
    "do" (280) 31
    "while" (281) 32
    "for" (282) 33
    "break" (283) 14
    "continue" (284) 15
    "return" (285) 13
    "input" (286) 43
    "echa" (287) 44
    "->" (288) 56 58
    "func" (289) 56 58
    "main" (290)
    IFX (291)
    UMINUS (292)


Нетерминальные символы с правилами, в которых они появляются

    $accept (38)
        on left: 0
    prog <a> (39)
        on left: 1
        on right: 0
    stmtlist <a> (40)
        on left: 2
        on right: 1 4 17 56 58
    stmtlist_tail <a> (41)
        on left: 3 4
        on right: 2
    statement <a> (42)
        on left: 5 6 7 8 9 10 11 12 13 14 15
        on right: 2 27 28 29 30 31
    compound_statement <a> (43)
        on left: 17
        on right: 8
    $@1 (44)
        on left: 16
        on right: 17
    assignment <a> (45)
        on left: 18
        on right: 5
    declarations <a> (46)
        on left: 19 20 21 22 23 24 25 26
        on right: 7
    cond_stmt <a> (47)
        on left: 27 28
        on right: 6
    loop_stmt <a> (48)
        on left: 29 30 31
        on right: 9
    while_head <a> (49)
        on left: 32
        on right: 29 31
    for_head <a> (50)
        on left: 33
        on right: 30
    exp <a> (51)
        on left: 34 35 36 37 38 39 40 41 42
        on right: 18 19 20 21 22 23 24 25 26 27 28 32 33 34 35 36 37 38 39 43 44
    input <a> (52)
        on left: 43
        on right: 11
    echa <a> (53)
        on left: 44
        on right: 10
    type <a> (54)
        on left: 45 46 47 48 49 50 51 52
        on right: 53 54 56 58
    func_params (55)
        on left: 53 54
        on right: 54 58
    func <a> (56)
        on left: 56 58
        on right: 12
    $@2 (57)
        on left: 55
        on right: 56
    $@3 (58)
        on left: 57
        on right: 58


Состояние 0

    0 $accept: . prog "end of file"
    1 prog: . stmtlist
    2 stmtlist: . statement stmtlist_tail
    5 statement: . assignment
    6          | . cond_stmt
    7          | . declarations
    8          | . compound_statement
    9          | . loop_stmt
   10          | . echa
   11          | . input
   12          | . func
   13          | . "return"
   14          | . "break"
   15          | . "continue"
   17 compound_statement: . "{" $@1 stmtlist "}"
   18 assignment: . "name" "=" exp
   19 declarations: . "int" "name" "=" exp
   20             | . "float" "name" "=" exp
   21             | . "char" "name" "=" exp
   22             | . "bool" "name" "=" exp
   23             | . "int" "name" "=" "int" "[" exp "]"
   24             | . "float" "name" "=" "float" "[" exp "]"
   25             | . "char" "name" "=" "char" "[" exp "]"
   26             | . "bool" "name" "=" "bool" "[" exp "]"
   27 cond_stmt: . "if" "(" exp ")" statement
   28          | . "if" "(" exp ")" statement "else" statement
   29 loop_stmt: . while_head statement
   30          | . for_head statement
   31          | . "do" statement while_head
   32 while_head: . "while" "(" exp ")"
   33 for_head: . "for" "(" exp ";" exp "relop" exp ";" exp ")"
   43 input: . "input" "(" exp ")"
   44 echa: . "echa" "(" exp ")"
   56 func: . "func" "name" "(" $@2 ")" "->" type "{" stmtlist "}"
   58     | . "func" "name" "(" $@3 func_params ")" "->" type "{" stmtlist "}"

    "name"      сдвиг, и переход в состояние 1
    "{"         сдвиг, и переход в состояние 2
    "if"        сдвиг, и переход в состояние 3
    "int"       сдвиг, и переход в состояние 4
    "float"     сдвиг, и переход в состояние 5
    "char"      сдвиг, и переход в состояние 6
    "bool"      сдвиг, и переход в состояние 7
    "do"        сдвиг, и переход в состояние 8
    "while"     сдвиг, и переход в состояние 9
    "for"       сдвиг, и переход в состояние 10
    "break"     сдвиг, и переход в состояние 11
    "continue"  сдвиг, и переход в состояние 12
    "return"    сдвиг, и переход в состояние 13
    "input"     сдвиг, и переход в состояние 14
    "echa"      сдвиг, и переход в состояние 15
    "func"      сдвиг, и переход в состояние 16

    prog                переход в состояние 17
    stmtlist            переход в состояние 18
    statement           переход в состояние 19
    compound_statement  переход в состояние 20
    assignment          переход в состояние 21
    declarations        переход в состояние 22
    cond_stmt           переход в состояние 23
    loop_stmt           переход в состояние 24
    while_head          переход в состояние 25
    for_head            переход в состояние 26
    input               переход в состояние 27
    echa                переход в состояние 28
    func                переход в состояние 29


Состояние 1

   18 assignment: "name" . "=" exp

    "="  сдвиг, и переход в состояние 30


Состояние 2

   16 $@1: . %empty
   17 compound_statement: "{" . $@1 stmtlist "}"

    $default  вывод с использованием правила 16 ($@1)

    $@1  переход в состояние 31


Состояние 3

   27 cond_stmt: "if" . "(" exp ")" statement
   28          | "if" . "(" exp ")" statement "else" statement

    "("  сдвиг, и переход в состояние 32


Состояние 4

   19 declarations: "int" . "name" "=" exp
   23             | "int" . "name" "=" "int" "[" exp "]"

    "name"  сдвиг, и переход в состояние 33


Состояние 5

   20 declarations: "float" . "name" "=" exp
   24             | "float" . "name" "=" "float" "[" exp "]"

    "name"  сдвиг, и переход в состояние 34


Состояние 6

   21 declarations: "char" . "name" "=" exp
   25             | "char" . "name" "=" "char" "[" exp "]"

    "name"  сдвиг, и переход в состояние 35


Состояние 7

   22 declarations: "bool" . "name" "=" exp
   26             | "bool" . "name" "=" "bool" "[" exp "]"

    "name"  сдвиг, и переход в состояние 36


Состояние 8

    5 statement: . assignment
    6          | . cond_stmt
    7          | . declarations
    8          | . compound_statement
    9          | . loop_stmt
   10          | . echa
   11          | . input
   12          | . func
   13          | . "return"
   14          | . "break"
   15          | . "continue"
   17 compound_statement: . "{" $@1 stmtlist "}"
   18 assignment: . "name" "=" exp
   19 declarations: . "int" "name" "=" exp
   20             | . "float" "name" "=" exp
   21             | . "char" "name" "=" exp
   22             | . "bool" "name" "=" exp
   23             | . "int" "name" "=" "int" "[" exp "]"
   24             | . "float" "name" "=" "float" "[" exp "]"
   25             | . "char" "name" "=" "char" "[" exp "]"
   26             | . "bool" "name" "=" "bool" "[" exp "]"
   27 cond_stmt: . "if" "(" exp ")" statement
   28          | . "if" "(" exp ")" statement "else" statement
   29 loop_stmt: . while_head statement
   30          | . for_head statement
   31          | . "do" statement while_head
   31          | "do" . statement while_head
   32 while_head: . "while" "(" exp ")"
   33 for_head: . "for" "(" exp ";" exp "relop" exp ";" exp ")"
   43 input: . "input" "(" exp ")"
   44 echa: . "echa" "(" exp ")"
   56 func: . "func" "name" "(" $@2 ")" "->" type "{" stmtlist "}"
   58     | . "func" "name" "(" $@3 func_params ")" "->" type "{" stmtlist "}"

    "name"      сдвиг, и переход в состояние 1
    "{"         сдвиг, и переход в состояние 2
    "if"        сдвиг, и переход в состояние 3
    "int"       сдвиг, и переход в состояние 4
    "float"     сдвиг, и переход в состояние 5
    "char"      сдвиг, и переход в состояние 6
    "bool"      сдвиг, и переход в состояние 7
    "do"        сдвиг, и переход в состояние 8
    "while"     сдвиг, и переход в состояние 9
    "for"       сдвиг, и переход в состояние 10
    "break"     сдвиг, и переход в состояние 11
    "continue"  сдвиг, и переход в состояние 12
    "return"    сдвиг, и переход в состояние 13
    "input"     сдвиг, и переход в состояние 14
    "echa"      сдвиг, и переход в состояние 15
    "func"      сдвиг, и переход в состояние 16

    statement           переход в состояние 37
    compound_statement  переход в состояние 20
    assignment          переход в состояние 21
    declarations        переход в состояние 22
    cond_stmt           переход в состояние 23
    loop_stmt           переход в состояние 24
    while_head          переход в состояние 25
    for_head            переход в состояние 26
    input               переход в состояние 27
    echa                переход в состояние 28
    func                переход в состояние 29


Состояние 9

   32 while_head: "while" . "(" exp ")"

    "("  сдвиг, и переход в состояние 38


Состояние 10

   33 for_head: "for" . "(" exp ";" exp "relop" exp ";" exp ")"

    "("  сдвиг, и переход в состояние 39


Состояние 11

   14 statement: "break" .

    $default  вывод с использованием правила 14 (statement)


Состояние 12

   15 statement: "continue" .

    $default  вывод с использованием правила 15 (statement)


Состояние 13

   13 statement: "return" .

    $default  вывод с использованием правила 13 (statement)


Состояние 14

   43 input: "input" . "(" exp ")"

    "("  сдвиг, и переход в состояние 40


Состояние 15

   44 echa: "echa" . "(" exp ")"

    "("  сдвиг, и переход в состояние 41


Состояние 16

   56 func: "func" . "name" "(" $@2 ")" "->" type "{" stmtlist "}"
   58     | "func" . "name" "(" $@3 func_params ")" "->" type "{" stmtlist "}"

    "name"  сдвиг, и переход в состояние 42


Состояние 17

    0 $accept: prog . "end of file"

    "end of file"  сдвиг, и переход в состояние 43


Состояние 18

    1 prog: stmtlist .

    $default  вывод с использованием правила 1 (prog)


Состояние 19

    2 stmtlist: . statement stmtlist_tail
    2         | statement . stmtlist_tail
    3 stmtlist_tail: . %empty  ["end of file", "}"]
    4              | . stmtlist
    5 statement: . assignment
    6          | . cond_stmt
    7          | . declarations
    8          | . compound_statement
    9          | . loop_stmt
   10          | . echa
   11          | . input
   12          | . func
   13          | . "return"
   14          | . "break"
   15          | . "continue"
   17 compound_statement: . "{" $@1 stmtlist "}"
   18 assignment: . "name" "=" exp
   19 declarations: . "int" "name" "=" exp
   20             | . "float" "name" "=" exp
   21             | . "char" "name" "=" exp
   22             | . "bool" "name" "=" exp
   23             | . "int" "name" "=" "int" "[" exp "]"
   24             | . "float" "name" "=" "float" "[" exp "]"
   25             | . "char" "name" "=" "char" "[" exp "]"
   26             | . "bool" "name" "=" "bool" "[" exp "]"
   27 cond_stmt: . "if" "(" exp ")" statement
   28          | . "if" "(" exp ")" statement "else" statement
   29 loop_stmt: . while_head statement
   30          | . for_head statement
   31          | . "do" statement while_head
   32 while_head: . "while" "(" exp ")"
   33 for_head: . "for" "(" exp ";" exp "relop" exp ";" exp ")"
   43 input: . "input" "(" exp ")"
   44 echa: . "echa" "(" exp ")"
   56 func: . "func" "name" "(" $@2 ")" "->" type "{" stmtlist "}"
   58     | . "func" "name" "(" $@3 func_params ")" "->" type "{" stmtlist "}"

    "name"      сдвиг, и переход в состояние 1
    "{"         сдвиг, и переход в состояние 2
    "if"        сдвиг, и переход в состояние 3
    "int"       сдвиг, и переход в состояние 4
    "float"     сдвиг, и переход в состояние 5
    "char"      сдвиг, и переход в состояние 6
    "bool"      сдвиг, и переход в состояние 7
    "do"        сдвиг, и переход в состояние 8
    "while"     сдвиг, и переход в состояние 9
    "for"       сдвиг, и переход в состояние 10
    "break"     сдвиг, и переход в состояние 11
    "continue"  сдвиг, и переход в состояние 12
    "return"    сдвиг, и переход в состояние 13
    "input"     сдвиг, и переход в состояние 14
    "echa"      сдвиг, и переход в состояние 15
    "func"      сдвиг, и переход в состояние 16

    $default  вывод с использованием правила 3 (stmtlist_tail)

    stmtlist            переход в состояние 44
    stmtlist_tail       переход в состояние 45
    statement           переход в состояние 19
    compound_statement  переход в состояние 20
    assignment          переход в состояние 21
    declarations        переход в состояние 22
    cond_stmt           переход в состояние 23
    loop_stmt           переход в состояние 24
    while_head          переход в состояние 25
    for_head            переход в состояние 26
    input               переход в состояние 27
    echa                переход в состояние 28
    func                переход в состояние 29


Состояние 20

    8 statement: compound_statement .

    $default  вывод с использованием правила 8 (statement)


Состояние 21

    5 statement: assignment .

    $default  вывод с использованием правила 5 (statement)


Состояние 22

    7 statement: declarations .

    $default  вывод с использованием правила 7 (statement)


Состояние 23

    6 statement: cond_stmt .

    $default  вывод с использованием правила 6 (statement)


Состояние 24

    9 statement: loop_stmt .

    $default  вывод с использованием правила 9 (statement)


Состояние 25

    5 statement: . assignment
    6          | . cond_stmt
    7          | . declarations
    8          | . compound_statement
    9          | . loop_stmt
   10          | . echa
   11          | . input
   12          | . func
   13          | . "return"
   14          | . "break"
   15          | . "continue"
   17 compound_statement: . "{" $@1 stmtlist "}"
   18 assignment: . "name" "=" exp
   19 declarations: . "int" "name" "=" exp
   20             | . "float" "name" "=" exp
   21             | . "char" "name" "=" exp
   22             | . "bool" "name" "=" exp
   23             | . "int" "name" "=" "int" "[" exp "]"
   24             | . "float" "name" "=" "float" "[" exp "]"
   25             | . "char" "name" "=" "char" "[" exp "]"
   26             | . "bool" "name" "=" "bool" "[" exp "]"
   27 cond_stmt: . "if" "(" exp ")" statement
   28          | . "if" "(" exp ")" statement "else" statement
   29 loop_stmt: . while_head statement
   29          | while_head . statement
   30          | . for_head statement
   31          | . "do" statement while_head
   32 while_head: . "while" "(" exp ")"
   33 for_head: . "for" "(" exp ";" exp "relop" exp ";" exp ")"
   43 input: . "input" "(" exp ")"
   44 echa: . "echa" "(" exp ")"
   56 func: . "func" "name" "(" $@2 ")" "->" type "{" stmtlist "}"
   58     | . "func" "name" "(" $@3 func_params ")" "->" type "{" stmtlist "}"

    "name"      сдвиг, и переход в состояние 1
    "{"         сдвиг, и переход в состояние 2
    "if"        сдвиг, и переход в состояние 3
    "int"       сдвиг, и переход в состояние 4
    "float"     сдвиг, и переход в состояние 5
    "char"      сдвиг, и переход в состояние 6
    "bool"      сдвиг, и переход в состояние 7
    "do"        сдвиг, и переход в состояние 8
    "while"     сдвиг, и переход в состояние 9
    "for"       сдвиг, и переход в состояние 10
    "break"     сдвиг, и переход в состояние 11
    "continue"  сдвиг, и переход в состояние 12
    "return"    сдвиг, и переход в состояние 13
    "input"     сдвиг, и переход в состояние 14
    "echa"      сдвиг, и переход в состояние 15
    "func"      сдвиг, и переход в состояние 16

    statement           переход в состояние 46
    compound_statement  переход в состояние 20
    assignment          переход в состояние 21
    declarations        переход в состояние 22
    cond_stmt           переход в состояние 23
    loop_stmt           переход в состояние 24
    while_head          переход в состояние 25
    for_head            переход в состояние 26
    input               переход в состояние 27
    echa                переход в состояние 28
    func                переход в состояние 29


Состояние 26

    5 statement: . assignment
    6          | . cond_stmt
    7          | . declarations
    8          | . compound_statement
    9          | . loop_stmt
   10          | . echa
   11          | . input
   12          | . func
   13          | . "return"
   14          | . "break"
   15          | . "continue"
   17 compound_statement: . "{" $@1 stmtlist "}"
   18 assignment: . "name" "=" exp
   19 declarations: . "int" "name" "=" exp
   20             | . "float" "name" "=" exp
   21             | . "char" "name" "=" exp
   22             | . "bool" "name" "=" exp
   23             | . "int" "name" "=" "int" "[" exp "]"
   24             | . "float" "name" "=" "float" "[" exp "]"
   25             | . "char" "name" "=" "char" "[" exp "]"
   26             | . "bool" "name" "=" "bool" "[" exp "]"
   27 cond_stmt: . "if" "(" exp ")" statement
   28          | . "if" "(" exp ")" statement "else" statement
   29 loop_stmt: . while_head statement
   30          | . for_head statement
   30          | for_head . statement
   31          | . "do" statement while_head
   32 while_head: . "while" "(" exp ")"
   33 for_head: . "for" "(" exp ";" exp "relop" exp ";" exp ")"
   43 input: . "input" "(" exp ")"
   44 echa: . "echa" "(" exp ")"
   56 func: . "func" "name" "(" $@2 ")" "->" type "{" stmtlist "}"
   58     | . "func" "name" "(" $@3 func_params ")" "->" type "{" stmtlist "}"

    "name"      сдвиг, и переход в состояние 1
    "{"         сдвиг, и переход в состояние 2
    "if"        сдвиг, и переход в состояние 3
    "int"       сдвиг, и переход в состояние 4
    "float"     сдвиг, и переход в состояние 5
    "char"      сдвиг, и переход в состояние 6
    "bool"      сдвиг, и переход в состояние 7
    "do"        сдвиг, и переход в состояние 8
    "while"     сдвиг, и переход в состояние 9
    "for"       сдвиг, и переход в состояние 10
    "break"     сдвиг, и переход в состояние 11
    "continue"  сдвиг, и переход в состояние 12
    "return"    сдвиг, и переход в состояние 13
    "input"     сдвиг, и переход в состояние 14
    "echa"      сдвиг, и переход в состояние 15
    "func"      сдвиг, и переход в состояние 16

    statement           переход в состояние 47
    compound_statement  переход в состояние 20
    assignment          переход в состояние 21
    declarations        переход в состояние 22
    cond_stmt           переход в состояние 23
    loop_stmt           переход в состояние 24
    while_head          переход в состояние 25
    for_head            переход в состояние 26
    input               переход в состояние 27
    echa                переход в состояние 28
    func                переход в состояние 29


Состояние 27

   11 statement: input .

    $default  вывод с использованием правила 11 (statement)


Состояние 28

   10 statement: echa .

    $default  вывод с использованием правила 10 (statement)


Состояние 29

   12 statement: func .

    $default  вывод с использованием правила 12 (statement)


Состояние 30

   18 assignment: "name" "=" . exp
   34 exp: . exp "relop" exp
   35    | . exp "plus" exp
   36    | . exp "minus" exp
   37    | . exp "mulop" exp
   38    | . "(" exp ")"
   39    | . "minus" exp
   40    | . "floating point double precision"
   41    | . "integer"
   42    | . "name"

    "floating point double precision"  сдвиг, и переход в состояние 48
    "integer"                          сдвиг, и переход в состояние 49
    "name"                             сдвиг, и переход в состояние 50
    "minus"                            сдвиг, и переход в состояние 51
    "("                                сдвиг, и переход в состояние 52

    exp  переход в состояние 53


Состояние 31

    2 stmtlist: . statement stmtlist_tail
    5 statement: . assignment
    6          | . cond_stmt
    7          | . declarations
    8          | . compound_statement
    9          | . loop_stmt
   10          | . echa
   11          | . input
   12          | . func
   13          | . "return"
   14          | . "break"
   15          | . "continue"
   17 compound_statement: . "{" $@1 stmtlist "}"
   17                   | "{" $@1 . stmtlist "}"
   18 assignment: . "name" "=" exp
   19 declarations: . "int" "name" "=" exp
   20             | . "float" "name" "=" exp
   21             | . "char" "name" "=" exp
   22             | . "bool" "name" "=" exp
   23             | . "int" "name" "=" "int" "[" exp "]"
   24             | . "float" "name" "=" "float" "[" exp "]"
   25             | . "char" "name" "=" "char" "[" exp "]"
   26             | . "bool" "name" "=" "bool" "[" exp "]"
   27 cond_stmt: . "if" "(" exp ")" statement
   28          | . "if" "(" exp ")" statement "else" statement
   29 loop_stmt: . while_head statement
   30          | . for_head statement
   31          | . "do" statement while_head
   32 while_head: . "while" "(" exp ")"
   33 for_head: . "for" "(" exp ";" exp "relop" exp ";" exp ")"
   43 input: . "input" "(" exp ")"
   44 echa: . "echa" "(" exp ")"
   56 func: . "func" "name" "(" $@2 ")" "->" type "{" stmtlist "}"
   58     | . "func" "name" "(" $@3 func_params ")" "->" type "{" stmtlist "}"

    "name"      сдвиг, и переход в состояние 1
    "{"         сдвиг, и переход в состояние 2
    "if"        сдвиг, и переход в состояние 3
    "int"       сдвиг, и переход в состояние 4
    "float"     сдвиг, и переход в состояние 5
    "char"      сдвиг, и переход в состояние 6
    "bool"      сдвиг, и переход в состояние 7
    "do"        сдвиг, и переход в состояние 8
    "while"     сдвиг, и переход в состояние 9
    "for"       сдвиг, и переход в состояние 10
    "break"     сдвиг, и переход в состояние 11
    "continue"  сдвиг, и переход в состояние 12
    "return"    сдвиг, и переход в состояние 13
    "input"     сдвиг, и переход в состояние 14
    "echa"      сдвиг, и переход в состояние 15
    "func"      сдвиг, и переход в состояние 16

    stmtlist            переход в состояние 54
    statement           переход в состояние 19
    compound_statement  переход в состояние 20
    assignment          переход в состояние 21
    declarations        переход в состояние 22
    cond_stmt           переход в состояние 23
    loop_stmt           переход в состояние 24
    while_head          переход в состояние 25
    for_head            переход в состояние 26
    input               переход в состояние 27
    echa                переход в состояние 28
    func                переход в состояние 29


Состояние 32

   27 cond_stmt: "if" "(" . exp ")" statement
   28          | "if" "(" . exp ")" statement "else" statement
   34 exp: . exp "relop" exp
   35    | . exp "plus" exp
   36    | . exp "minus" exp
   37    | . exp "mulop" exp
   38    | . "(" exp ")"
   39    | . "minus" exp
   40    | . "floating point double precision"
   41    | . "integer"
   42    | . "name"

    "floating point double precision"  сдвиг, и переход в состояние 48
    "integer"                          сдвиг, и переход в состояние 49
    "name"                             сдвиг, и переход в состояние 50
    "minus"                            сдвиг, и переход в состояние 51
    "("                                сдвиг, и переход в состояние 52

    exp  переход в состояние 55


Состояние 33

   19 declarations: "int" "name" . "=" exp
   23             | "int" "name" . "=" "int" "[" exp "]"

    "="  сдвиг, и переход в состояние 56


Состояние 34

   20 declarations: "float" "name" . "=" exp
   24             | "float" "name" . "=" "float" "[" exp "]"

    "="  сдвиг, и переход в состояние 57


Состояние 35

   21 declarations: "char" "name" . "=" exp
   25             | "char" "name" . "=" "char" "[" exp "]"

    "="  сдвиг, и переход в состояние 58


Состояние 36

   22 declarations: "bool" "name" . "=" exp
   26             | "bool" "name" . "=" "bool" "[" exp "]"

    "="  сдвиг, и переход в состояние 59


Состояние 37

   31 loop_stmt: "do" statement . while_head
   32 while_head: . "while" "(" exp ")"

    "while"  сдвиг, и переход в состояние 9

    while_head  переход в состояние 60


Состояние 38

   32 while_head: "while" "(" . exp ")"
   34 exp: . exp "relop" exp
   35    | . exp "plus" exp
   36    | . exp "minus" exp
   37    | . exp "mulop" exp
   38    | . "(" exp ")"
   39    | . "minus" exp
   40    | . "floating point double precision"
   41    | . "integer"
   42    | . "name"

    "floating point double precision"  сдвиг, и переход в состояние 48
    "integer"                          сдвиг, и переход в состояние 49
    "name"                             сдвиг, и переход в состояние 50
    "minus"                            сдвиг, и переход в состояние 51
    "("                                сдвиг, и переход в состояние 52

    exp  переход в состояние 61


Состояние 39

   33 for_head: "for" "(" . exp ";" exp "relop" exp ";" exp ")"
   34 exp: . exp "relop" exp
   35    | . exp "plus" exp
   36    | . exp "minus" exp
   37    | . exp "mulop" exp
   38    | . "(" exp ")"
   39    | . "minus" exp
   40    | . "floating point double precision"
   41    | . "integer"
   42    | . "name"

    "floating point double precision"  сдвиг, и переход в состояние 48
    "integer"                          сдвиг, и переход в состояние 49
    "name"                             сдвиг, и переход в состояние 50
    "minus"                            сдвиг, и переход в состояние 51
    "("                                сдвиг, и переход в состояние 52

    exp  переход в состояние 62


Состояние 40

   34 exp: . exp "relop" exp
   35    | . exp "plus" exp
   36    | . exp "minus" exp
   37    | . exp "mulop" exp
   38    | . "(" exp ")"
   39    | . "minus" exp
   40    | . "floating point double precision"
   41    | . "integer"
   42    | . "name"
   43 input: "input" "(" . exp ")"

    "floating point double precision"  сдвиг, и переход в состояние 48
    "integer"                          сдвиг, и переход в состояние 49
    "name"                             сдвиг, и переход в состояние 50
    "minus"                            сдвиг, и переход в состояние 51
    "("                                сдвиг, и переход в состояние 52

    exp  переход в состояние 63


Состояние 41

   34 exp: . exp "relop" exp
   35    | . exp "plus" exp
   36    | . exp "minus" exp
   37    | . exp "mulop" exp
   38    | . "(" exp ")"
   39    | . "minus" exp
   40    | . "floating point double precision"
   41    | . "integer"
   42    | . "name"
   44 echa: "echa" "(" . exp ")"

    "floating point double precision"  сдвиг, и переход в состояние 48
    "integer"                          сдвиг, и переход в состояние 49
    "name"                             сдвиг, и переход в состояние 50
    "minus"                            сдвиг, и переход в состояние 51
    "("                                сдвиг, и переход в состояние 52

    exp  переход в состояние 64


Состояние 42

   56 func: "func" "name" . "(" $@2 ")" "->" type "{" stmtlist "}"
   58     | "func" "name" . "(" $@3 func_params ")" "->" type "{" stmtlist "}"

    "("  сдвиг, и переход в состояние 65


Состояние 43

    0 $accept: prog "end of file" .

    $default  принять


Состояние 44

    4 stmtlist_tail: stmtlist .

    $default  вывод с использованием правила 4 (stmtlist_tail)


Состояние 45

    2 stmtlist: statement stmtlist_tail .

    $default  вывод с использованием правила 2 (stmtlist)


Состояние 46

   29 loop_stmt: while_head statement .

    $default  вывод с использованием правила 29 (loop_stmt)


Состояние 47

   30 loop_stmt: for_head statement .

    $default  вывод с использованием правила 30 (loop_stmt)


Состояние 48

   40 exp: "floating point double precision" .

    $default  вывод с использованием правила 40 (exp)


Состояние 49

   41 exp: "integer" .

    $default  вывод с использованием правила 41 (exp)


Состояние 50

   42 exp: "name" .

    $default  вывод с использованием правила 42 (exp)


Состояние 51

   34 exp: . exp "relop" exp
   35    | . exp "plus" exp
   36    | . exp "minus" exp
   37    | . exp "mulop" exp
   38    | . "(" exp ")"
   39    | . "minus" exp
   39    | "minus" . exp
   40    | . "floating point double precision"
   41    | . "integer"
   42    | . "name"

    "floating point double precision"  сдвиг, и переход в состояние 48
    "integer"                          сдвиг, и переход в состояние 49
    "name"                             сдвиг, и переход в состояние 50
    "minus"                            сдвиг, и переход в состояние 51
    "("                                сдвиг, и переход в состояние 52

    exp  переход в состояние 66


Состояние 52

   34 exp: . exp "relop" exp
   35    | . exp "plus" exp
   36    | . exp "minus" exp
   37    | . exp "mulop" exp
   38    | . "(" exp ")"
   38    | "(" . exp ")"
   39    | . "minus" exp
   40    | . "floating point double precision"
   41    | . "integer"
   42    | . "name"

    "floating point double precision"  сдвиг, и переход в состояние 48
    "integer"                          сдвиг, и переход в состояние 49
    "name"                             сдвиг, и переход в состояние 50
    "minus"                            сдвиг, и переход в состояние 51
    "("                                сдвиг, и переход в состояние 52

    exp  переход в состояние 67


Состояние 53

   18 assignment: "name" "=" exp .  ["end of file", "name", "{", "}", "if", "else", "int", "float", "char", "bool", "do", "while", "for", "break", "continue", "return", "input", "echa", "func"]
   34 exp: exp . "relop" exp
   35    | exp . "plus" exp
   36    | exp . "minus" exp
   37    | exp . "mulop" exp

    "relop"  сдвиг, и переход в состояние 68
    "plus"   сдвиг, и переход в состояние 69
    "minus"  сдвиг, и переход в состояние 70
    "mulop"  сдвиг, и переход в состояние 71

    $default  вывод с использованием правила 18 (assignment)


Состояние 54

   17 compound_statement: "{" $@1 stmtlist . "}"

    "}"  сдвиг, и переход в состояние 72


Состояние 55

   27 cond_stmt: "if" "(" exp . ")" statement
   28          | "if" "(" exp . ")" statement "else" statement
   34 exp: exp . "relop" exp
   35    | exp . "plus" exp
   36    | exp . "minus" exp
   37    | exp . "mulop" exp

    "relop"  сдвиг, и переход в состояние 68
    "plus"   сдвиг, и переход в состояние 69
    "minus"  сдвиг, и переход в состояние 70
    "mulop"  сдвиг, и переход в состояние 71
    ")"      сдвиг, и переход в состояние 73


Состояние 56

   19 declarations: "int" "name" "=" . exp
   23             | "int" "name" "=" . "int" "[" exp "]"
   34 exp: . exp "relop" exp
   35    | . exp "plus" exp
   36    | . exp "minus" exp
   37    | . exp "mulop" exp
   38    | . "(" exp ")"
   39    | . "minus" exp
   40    | . "floating point double precision"
   41    | . "integer"
   42    | . "name"

    "floating point double precision"  сдвиг, и переход в состояние 48
    "integer"                          сдвиг, и переход в состояние 49
    "name"                             сдвиг, и переход в состояние 50
    "minus"                            сдвиг, и переход в состояние 51
    "("                                сдвиг, и переход в состояние 52
    "int"                              сдвиг, и переход в состояние 74

    exp  переход в состояние 75


Состояние 57

   20 declarations: "float" "name" "=" . exp
   24             | "float" "name" "=" . "float" "[" exp "]"
   34 exp: . exp "relop" exp
   35    | . exp "plus" exp
   36    | . exp "minus" exp
   37    | . exp "mulop" exp
   38    | . "(" exp ")"
   39    | . "minus" exp
   40    | . "floating point double precision"
   41    | . "integer"
   42    | . "name"

    "floating point double precision"  сдвиг, и переход в состояние 48
    "integer"                          сдвиг, и переход в состояние 49
    "name"                             сдвиг, и переход в состояние 50
    "minus"                            сдвиг, и переход в состояние 51
    "("                                сдвиг, и переход в состояние 52
    "float"                            сдвиг, и переход в состояние 76

    exp  переход в состояние 77


Состояние 58

   21 declarations: "char" "name" "=" . exp
   25             | "char" "name" "=" . "char" "[" exp "]"
   34 exp: . exp "relop" exp
   35    | . exp "plus" exp
   36    | . exp "minus" exp
   37    | . exp "mulop" exp
   38    | . "(" exp ")"
   39    | . "minus" exp
   40    | . "floating point double precision"
   41    | . "integer"
   42    | . "name"

    "floating point double precision"  сдвиг, и переход в состояние 48
    "integer"                          сдвиг, и переход в состояние 49
    "name"                             сдвиг, и переход в состояние 50
    "minus"                            сдвиг, и переход в состояние 51
    "("                                сдвиг, и переход в состояние 52
    "char"                             сдвиг, и переход в состояние 78

    exp  переход в состояние 79


Состояние 59

   22 declarations: "bool" "name" "=" . exp
   26             | "bool" "name" "=" . "bool" "[" exp "]"
   34 exp: . exp "relop" exp
   35    | . exp "plus" exp
   36    | . exp "minus" exp
   37    | . exp "mulop" exp
   38    | . "(" exp ")"
   39    | . "minus" exp
   40    | . "floating point double precision"
   41    | . "integer"
   42    | . "name"

    "floating point double precision"  сдвиг, и переход в состояние 48
    "integer"                          сдвиг, и переход в состояние 49
    "name"                             сдвиг, и переход в состояние 50
    "minus"                            сдвиг, и переход в состояние 51
    "("                                сдвиг, и переход в состояние 52
    "bool"                             сдвиг, и переход в состояние 80

    exp  переход в состояние 81


Состояние 60

   31 loop_stmt: "do" statement while_head .

    $default  вывод с использованием правила 31 (loop_stmt)


Состояние 61

   32 while_head: "while" "(" exp . ")"
   34 exp: exp . "relop" exp
   35    | exp . "plus" exp
   36    | exp . "minus" exp
   37    | exp . "mulop" exp

    "relop"  сдвиг, и переход в состояние 68
    "plus"   сдвиг, и переход в состояние 69
    "minus"  сдвиг, и переход в состояние 70
    "mulop"  сдвиг, и переход в состояние 71
    ")"      сдвиг, и переход в состояние 82


Состояние 62

   33 for_head: "for" "(" exp . ";" exp "relop" exp ";" exp ")"
   34 exp: exp . "relop" exp
   35    | exp . "plus" exp
   36    | exp . "minus" exp
   37    | exp . "mulop" exp

    "relop"  сдвиг, и переход в состояние 68
    "plus"   сдвиг, и переход в состояние 69
    "minus"  сдвиг, и переход в состояние 70
    "mulop"  сдвиг, и переход в состояние 71
    ";"      сдвиг, и переход в состояние 83


Состояние 63

   34 exp: exp . "relop" exp
   35    | exp . "plus" exp
   36    | exp . "minus" exp
   37    | exp . "mulop" exp
   43 input: "input" "(" exp . ")"

    "relop"  сдвиг, и переход в состояние 68
    "plus"   сдвиг, и переход в состояние 69
    "minus"  сдвиг, и переход в состояние 70
    "mulop"  сдвиг, и переход в состояние 71
    ")"      сдвиг, и переход в состояние 84


Состояние 64

   34 exp: exp . "relop" exp
   35    | exp . "plus" exp
   36    | exp . "minus" exp
   37    | exp . "mulop" exp
   44 echa: "echa" "(" exp . ")"

    "relop"  сдвиг, и переход в состояние 68
    "plus"   сдвиг, и переход в состояние 69
    "minus"  сдвиг, и переход в состояние 70
    "mulop"  сдвиг, и переход в состояние 71
    ")"      сдвиг, и переход в состояние 85


Состояние 65

   55 $@2: . %empty  [")"]
   56 func: "func" "name" "(" . $@2 ")" "->" type "{" stmtlist "}"
   57 $@3: . %empty  ["int", "float", "char", "bool"]
   58 func: "func" "name" "(" . $@3 func_params ")" "->" type "{" stmtlist "}"

    ")"       вывод с использованием правила 55 ($@2)
    $default  вывод с использованием правила 57 ($@3)

    $@2  переход в состояние 86
    $@3  переход в состояние 87


Состояние 66

   34 exp: exp . "relop" exp
   35    | exp . "plus" exp
   36    | exp . "minus" exp
   37    | exp . "mulop" exp
   39    | "minus" exp .  ["end of file", "name", "relop", "plus", "minus", "mulop", "{", "}", "]", ")", ";", "if", "else", "int", "float", "char", "bool", "do", "while", "for", "break", "continue", "return", "input", "echa", "func"]

    $default  вывод с использованием правила 39 (exp)

    Conflict between rule 39 and token "relop" resolved as reduce ("relop" < UMINUS).
    Conflict between rule 39 and token "plus" resolved as reduce ("plus" < UMINUS).
    Conflict between rule 39 and token "minus" resolved as reduce ("minus" < UMINUS).
    Conflict between rule 39 and token "mulop" resolved as reduce ("mulop" < UMINUS).


Состояние 67

   34 exp: exp . "relop" exp
   35    | exp . "plus" exp
   36    | exp . "minus" exp
   37    | exp . "mulop" exp
   38    | "(" exp . ")"

    "relop"  сдвиг, и переход в состояние 68
    "plus"   сдвиг, и переход в состояние 69
    "minus"  сдвиг, и переход в состояние 70
    "mulop"  сдвиг, и переход в состояние 71
    ")"      сдвиг, и переход в состояние 88


Состояние 68

   34 exp: . exp "relop" exp
   34    | exp "relop" . exp
   35    | . exp "plus" exp
   36    | . exp "minus" exp
   37    | . exp "mulop" exp
   38    | . "(" exp ")"
   39    | . "minus" exp
   40    | . "floating point double precision"
   41    | . "integer"
   42    | . "name"

    "floating point double precision"  сдвиг, и переход в состояние 48
    "integer"                          сдвиг, и переход в состояние 49
    "name"                             сдвиг, и переход в состояние 50
    "minus"                            сдвиг, и переход в состояние 51
    "("                                сдвиг, и переход в состояние 52

    exp  переход в состояние 89


Состояние 69

   34 exp: . exp "relop" exp
   35    | . exp "plus" exp
   35    | exp "plus" . exp
   36    | . exp "minus" exp
   37    | . exp "mulop" exp
   38    | . "(" exp ")"
   39    | . "minus" exp
   40    | . "floating point double precision"
   41    | . "integer"
   42    | . "name"

    "floating point double precision"  сдвиг, и переход в состояние 48
    "integer"                          сдвиг, и переход в состояние 49
    "name"                             сдвиг, и переход в состояние 50
    "minus"                            сдвиг, и переход в состояние 51
    "("                                сдвиг, и переход в состояние 52

    exp  переход в состояние 90


Состояние 70

   34 exp: . exp "relop" exp
   35    | . exp "plus" exp
   36    | . exp "minus" exp
   36    | exp "minus" . exp
   37    | . exp "mulop" exp
   38    | . "(" exp ")"
   39    | . "minus" exp
   40    | . "floating point double precision"
   41    | . "integer"
   42    | . "name"

    "floating point double precision"  сдвиг, и переход в состояние 48
    "integer"                          сдвиг, и переход в состояние 49
    "name"                             сдвиг, и переход в состояние 50
    "minus"                            сдвиг, и переход в состояние 51
    "("                                сдвиг, и переход в состояние 52

    exp  переход в состояние 91


Состояние 71

   34 exp: . exp "relop" exp
   35    | . exp "plus" exp
   36    | . exp "minus" exp
   37    | . exp "mulop" exp
   37    | exp "mulop" . exp
   38    | . "(" exp ")"
   39    | . "minus" exp
   40    | . "floating point double precision"
   41    | . "integer"
   42    | . "name"

    "floating point double precision"  сдвиг, и переход в состояние 48
    "integer"                          сдвиг, и переход в состояние 49
    "name"                             сдвиг, и переход в состояние 50
    "minus"                            сдвиг, и переход в состояние 51
    "("                                сдвиг, и переход в состояние 52

    exp  переход в состояние 92


Состояние 72

   17 compound_statement: "{" $@1 stmtlist "}" .

    $default  вывод с использованием правила 17 (compound_statement)


Состояние 73

    5 statement: . assignment
    6          | . cond_stmt
    7          | . declarations
    8          | . compound_statement
    9          | . loop_stmt
   10          | . echa
   11          | . input
   12          | . func
   13          | . "return"
   14          | . "break"
   15          | . "continue"
   17 compound_statement: . "{" $@1 stmtlist "}"
   18 assignment: . "name" "=" exp
   19 declarations: . "int" "name" "=" exp
   20             | . "float" "name" "=" exp
   21             | . "char" "name" "=" exp
   22             | . "bool" "name" "=" exp
   23             | . "int" "name" "=" "int" "[" exp "]"
   24             | . "float" "name" "=" "float" "[" exp "]"
   25             | . "char" "name" "=" "char" "[" exp "]"
   26             | . "bool" "name" "=" "bool" "[" exp "]"
   27 cond_stmt: . "if" "(" exp ")" statement
   27          | "if" "(" exp ")" . statement
   28          | . "if" "(" exp ")" statement "else" statement
   28          | "if" "(" exp ")" . statement "else" statement
   29 loop_stmt: . while_head statement
   30          | . for_head statement
   31          | . "do" statement while_head
   32 while_head: . "while" "(" exp ")"
   33 for_head: . "for" "(" exp ";" exp "relop" exp ";" exp ")"
   43 input: . "input" "(" exp ")"
   44 echa: . "echa" "(" exp ")"
   56 func: . "func" "name" "(" $@2 ")" "->" type "{" stmtlist "}"
   58     | . "func" "name" "(" $@3 func_params ")" "->" type "{" stmtlist "}"

    "name"      сдвиг, и переход в состояние 1
    "{"         сдвиг, и переход в состояние 2
    "if"        сдвиг, и переход в состояние 3
    "int"       сдвиг, и переход в состояние 4
    "float"     сдвиг, и переход в состояние 5
    "char"      сдвиг, и переход в состояние 6
    "bool"      сдвиг, и переход в состояние 7
    "do"        сдвиг, и переход в состояние 8
    "while"     сдвиг, и переход в состояние 9
    "for"       сдвиг, и переход в состояние 10
    "break"     сдвиг, и переход в состояние 11
    "continue"  сдвиг, и переход в состояние 12
    "return"    сдвиг, и переход в состояние 13
    "input"     сдвиг, и переход в состояние 14
    "echa"      сдвиг, и переход в состояние 15
    "func"      сдвиг, и переход в состояние 16

    statement           переход в состояние 93
    compound_statement  переход в состояние 20
    assignment          переход в состояние 21
    declarations        переход в состояние 22
    cond_stmt           переход в состояние 23
    loop_stmt           переход в состояние 24
    while_head          переход в состояние 25
    for_head            переход в состояние 26
    input               переход в состояние 27
    echa                переход в состояние 28
    func                переход в состояние 29


Состояние 74

   23 declarations: "int" "name" "=" "int" . "[" exp "]"

    "["  сдвиг, и переход в состояние 94


Состояние 75

   19 declarations: "int" "name" "=" exp .  ["end of file", "name", "{", "}", "if", "else", "int", "float", "char", "bool", "do", "while", "for", "break", "continue", "return", "input", "echa", "func"]
   34 exp: exp . "relop" exp
   35    | exp . "plus" exp
   36    | exp . "minus" exp
   37    | exp . "mulop" exp

    "relop"  сдвиг, и переход в состояние 68
    "plus"   сдвиг, и переход в состояние 69
    "minus"  сдвиг, и переход в состояние 70
    "mulop"  сдвиг, и переход в состояние 71

    $default  вывод с использованием правила 19 (declarations)


Состояние 76

   24 declarations: "float" "name" "=" "float" . "[" exp "]"

    "["  сдвиг, и переход в состояние 95


Состояние 77

   20 declarations: "float" "name" "=" exp .  ["end of file", "name", "{", "}", "if", "else", "int", "float", "char", "bool", "do", "while", "for", "break", "continue", "return", "input", "echa", "func"]
   34 exp: exp . "relop" exp
   35    | exp . "plus" exp
   36    | exp . "minus" exp
   37    | exp . "mulop" exp

    "relop"  сдвиг, и переход в состояние 68
    "plus"   сдвиг, и переход в состояние 69
    "minus"  сдвиг, и переход в состояние 70
    "mulop"  сдвиг, и переход в состояние 71

    $default  вывод с использованием правила 20 (declarations)


Состояние 78

   25 declarations: "char" "name" "=" "char" . "[" exp "]"

    "["  сдвиг, и переход в состояние 96


Состояние 79

   21 declarations: "char" "name" "=" exp .  ["end of file", "name", "{", "}", "if", "else", "int", "float", "char", "bool", "do", "while", "for", "break", "continue", "return", "input", "echa", "func"]
   34 exp: exp . "relop" exp
   35    | exp . "plus" exp
   36    | exp . "minus" exp
   37    | exp . "mulop" exp

    "relop"  сдвиг, и переход в состояние 68
    "plus"   сдвиг, и переход в состояние 69
    "minus"  сдвиг, и переход в состояние 70
    "mulop"  сдвиг, и переход в состояние 71

    $default  вывод с использованием правила 21 (declarations)


Состояние 80

   26 declarations: "bool" "name" "=" "bool" . "[" exp "]"

    "["  сдвиг, и переход в состояние 97


Состояние 81

   22 declarations: "bool" "name" "=" exp .  ["end of file", "name", "{", "}", "if", "else", "int", "float", "char", "bool", "do", "while", "for", "break", "continue", "return", "input", "echa", "func"]
   34 exp: exp . "relop" exp
   35    | exp . "plus" exp
   36    | exp . "minus" exp
   37    | exp . "mulop" exp

    "relop"  сдвиг, и переход в состояние 68
    "plus"   сдвиг, и переход в состояние 69
    "minus"  сдвиг, и переход в состояние 70
    "mulop"  сдвиг, и переход в состояние 71

    $default  вывод с использованием правила 22 (declarations)


Состояние 82

   32 while_head: "while" "(" exp ")" .

    $default  вывод с использованием правила 32 (while_head)


Состояние 83

   33 for_head: "for" "(" exp ";" . exp "relop" exp ";" exp ")"
   34 exp: . exp "relop" exp
   35    | . exp "plus" exp
   36    | . exp "minus" exp
   37    | . exp "mulop" exp
   38    | . "(" exp ")"
   39    | . "minus" exp
   40    | . "floating point double precision"
   41    | . "integer"
   42    | . "name"

    "floating point double precision"  сдвиг, и переход в состояние 48
    "integer"                          сдвиг, и переход в состояние 49
    "name"                             сдвиг, и переход в состояние 50
    "minus"                            сдвиг, и переход в состояние 51
    "("                                сдвиг, и переход в состояние 52

    exp  переход в состояние 98


Состояние 84

   43 input: "input" "(" exp ")" .

    $default  вывод с использованием правила 43 (input)


Состояние 85

   44 echa: "echa" "(" exp ")" .

    $default  вывод с использованием правила 44 (echa)


Состояние 86

   56 func: "func" "name" "(" $@2 . ")" "->" type "{" stmtlist "}"

    ")"  сдвиг, и переход в состояние 99


Состояние 87

   45 type: . "int"
   46     | . "float"
   47     | . "char"
   48     | . "bool"
   49     | . "int" "[" "]"
   50     | . "float" "[" "]"
   51     | . "char" "[" "]"
   52     | . "bool" "[" "]"
   53 func_params: . type "name"
   54            | . func_params "," type "name"
   58 func: "func" "name" "(" $@3 . func_params ")" "->" type "{" stmtlist "}"

    "int"    сдвиг, и переход в состояние 100
    "float"  сдвиг, и переход в состояние 101
    "char"   сдвиг, и переход в состояние 102
    "bool"   сдвиг, и переход в состояние 103

    type         переход в состояние 104
    func_params  переход в состояние 105


Состояние 88

   38 exp: "(" exp ")" .

    $default  вывод с использованием правила 38 (exp)


Состояние 89

   34 exp: exp . "relop" exp
   34    | exp "relop" exp .  ["end of file", "name", "relop", "{", "}", "]", ")", ";", "if", "else", "int", "float", "char", "bool", "do", "while", "for", "break", "continue", "return", "input", "echa", "func"]
   35    | exp . "plus" exp
   36    | exp . "minus" exp
   37    | exp . "mulop" exp

    "plus"   сдвиг, и переход в состояние 69
    "minus"  сдвиг, и переход в состояние 70
    "mulop"  сдвиг, и переход в состояние 71

    $default  вывод с использованием правила 34 (exp)

    Conflict between rule 34 and token "relop" resolved as reduce (%left "relop").
    Conflict between rule 34 and token "plus" resolved as shift ("relop" < "plus").
    Conflict between rule 34 and token "minus" resolved as shift ("relop" < "minus").
    Conflict between rule 34 and token "mulop" resolved as shift ("relop" < "mulop").


Состояние 90

   34 exp: exp . "relop" exp
   35    | exp . "plus" exp
   35    | exp "plus" exp .  ["end of file", "name", "relop", "plus", "minus", "{", "}", "]", ")", ";", "if", "else", "int", "float", "char", "bool", "do", "while", "for", "break", "continue", "return", "input", "echa", "func"]
   36    | exp . "minus" exp
   37    | exp . "mulop" exp

    "mulop"  сдвиг, и переход в состояние 71

    $default  вывод с использованием правила 35 (exp)

    Conflict between rule 35 and token "relop" resolved as reduce ("relop" < "plus").
    Conflict between rule 35 and token "plus" resolved as reduce (%left "plus").
    Conflict between rule 35 and token "minus" resolved as reduce (%left "minus").
    Conflict between rule 35 and token "mulop" resolved as shift ("plus" < "mulop").


Состояние 91

   34 exp: exp . "relop" exp
   35    | exp . "plus" exp
   36    | exp . "minus" exp
   36    | exp "minus" exp .  ["end of file", "name", "relop", "plus", "minus", "{", "}", "]", ")", ";", "if", "else", "int", "float", "char", "bool", "do", "while", "for", "break", "continue", "return", "input", "echa", "func"]
   37    | exp . "mulop" exp

    "mulop"  сдвиг, и переход в состояние 71

    $default  вывод с использованием правила 36 (exp)

    Conflict between rule 36 and token "relop" resolved as reduce ("relop" < "minus").
    Conflict between rule 36 and token "plus" resolved as reduce (%left "plus").
    Conflict between rule 36 and token "minus" resolved as reduce (%left "minus").
    Conflict between rule 36 and token "mulop" resolved as shift ("minus" < "mulop").


Состояние 92

   34 exp: exp . "relop" exp
   35    | exp . "plus" exp
   36    | exp . "minus" exp
   37    | exp . "mulop" exp
   37    | exp "mulop" exp .  ["end of file", "name", "relop", "plus", "minus", "mulop", "{", "}", "]", ")", ";", "if", "else", "int", "float", "char", "bool", "do", "while", "for", "break", "continue", "return", "input", "echa", "func"]

    $default  вывод с использованием правила 37 (exp)

    Conflict between rule 37 and token "relop" resolved as reduce ("relop" < "mulop").
    Conflict between rule 37 and token "plus" resolved as reduce ("plus" < "mulop").
    Conflict between rule 37 and token "minus" resolved as reduce ("minus" < "mulop").
    Conflict between rule 37 and token "mulop" resolved as reduce (%left "mulop").


Состояние 93

   27 cond_stmt: "if" "(" exp ")" statement .  ["end of file", "name", "{", "}", "if", "int", "float", "char", "bool", "do", "while", "for", "break", "continue", "return", "input", "echa", "func"]
   28          | "if" "(" exp ")" statement . "else" statement

    "else"  сдвиг, и переход в состояние 106

    $default  вывод с использованием правила 27 (cond_stmt)

    Conflict between rule 27 and token "else" resolved as shift (IFX < "else").


Состояние 94

   23 declarations: "int" "name" "=" "int" "[" . exp "]"
   34 exp: . exp "relop" exp
   35    | . exp "plus" exp
   36    | . exp "minus" exp
   37    | . exp "mulop" exp
   38    | . "(" exp ")"
   39    | . "minus" exp
   40    | . "floating point double precision"
   41    | . "integer"
   42    | . "name"

    "floating point double precision"  сдвиг, и переход в состояние 48
    "integer"                          сдвиг, и переход в состояние 49
    "name"                             сдвиг, и переход в состояние 50
    "minus"                            сдвиг, и переход в состояние 51
    "("                                сдвиг, и переход в состояние 52

    exp  переход в состояние 107


Состояние 95

   24 declarations: "float" "name" "=" "float" "[" . exp "]"
   34 exp: . exp "relop" exp
   35    | . exp "plus" exp
   36    | . exp "minus" exp
   37    | . exp "mulop" exp
   38    | . "(" exp ")"
   39    | . "minus" exp
   40    | . "floating point double precision"
   41    | . "integer"
   42    | . "name"

    "floating point double precision"  сдвиг, и переход в состояние 48
    "integer"                          сдвиг, и переход в состояние 49
    "name"                             сдвиг, и переход в состояние 50
    "minus"                            сдвиг, и переход в состояние 51
    "("                                сдвиг, и переход в состояние 52

    exp  переход в состояние 108


Состояние 96

   25 declarations: "char" "name" "=" "char" "[" . exp "]"
   34 exp: . exp "relop" exp
   35    | . exp "plus" exp
   36    | . exp "minus" exp
   37    | . exp "mulop" exp
   38    | . "(" exp ")"
   39    | . "minus" exp
   40    | . "floating point double precision"
   41    | . "integer"
   42    | . "name"

    "floating point double precision"  сдвиг, и переход в состояние 48
    "integer"                          сдвиг, и переход в состояние 49
    "name"                             сдвиг, и переход в состояние 50
    "minus"                            сдвиг, и переход в состояние 51
    "("                                сдвиг, и переход в состояние 52

    exp  переход в состояние 109


Состояние 97

   26 declarations: "bool" "name" "=" "bool" "[" . exp "]"
   34 exp: . exp "relop" exp
   35    | . exp "plus" exp
   36    | . exp "minus" exp
   37    | . exp "mulop" exp
   38    | . "(" exp ")"
   39    | . "minus" exp
   40    | . "floating point double precision"
   41    | . "integer"
   42    | . "name"

    "floating point double precision"  сдвиг, и переход в состояние 48
    "integer"                          сдвиг, и переход в состояние 49
    "name"                             сдвиг, и переход в состояние 50
    "minus"                            сдвиг, и переход в состояние 51
    "("                                сдвиг, и переход в состояние 52

    exp  переход в состояние 110


Состояние 98

   33 for_head: "for" "(" exp ";" exp . "relop" exp ";" exp ")"
   34 exp: exp . "relop" exp
   35    | exp . "plus" exp
   36    | exp . "minus" exp
   37    | exp . "mulop" exp

    "relop"  сдвиг, и переход в состояние 111
    "plus"   сдвиг, и переход в состояние 69
    "minus"  сдвиг, и переход в состояние 70
    "mulop"  сдвиг, и переход в состояние 71


Состояние 99

   56 func: "func" "name" "(" $@2 ")" . "->" type "{" stmtlist "}"

    "->"  сдвиг, и переход в состояние 112


Состояние 100

   45 type: "int" .  ["name", "{"]
   49     | "int" . "[" "]"

    "["  сдвиг, и переход в состояние 113

    $default  вывод с использованием правила 45 (type)


Состояние 101

   46 type: "float" .  ["name", "{"]
   50     | "float" . "[" "]"

    "["  сдвиг, и переход в состояние 114

    $default  вывод с использованием правила 46 (type)


Состояние 102

   47 type: "char" .  ["name", "{"]
   51     | "char" . "[" "]"

    "["  сдвиг, и переход в состояние 115

    $default  вывод с использованием правила 47 (type)


Состояние 103

   48 type: "bool" .  ["name", "{"]
   52     | "bool" . "[" "]"

    "["  сдвиг, и переход в состояние 116

    $default  вывод с использованием правила 48 (type)


Состояние 104

   53 func_params: type . "name"

    "name"  сдвиг, и переход в состояние 117


Состояние 105

   54 func_params: func_params . "," type "name"
   58 func: "func" "name" "(" $@3 func_params . ")" "->" type "{" stmtlist "}"

    ")"  сдвиг, и переход в состояние 118
    ","  сдвиг, и переход в состояние 119


Состояние 106

    5 statement: . assignment
    6          | . cond_stmt
    7          | . declarations
    8          | . compound_statement
    9          | . loop_stmt
   10          | . echa
   11          | . input
   12          | . func
   13          | . "return"
   14          | . "break"
   15          | . "continue"
   17 compound_statement: . "{" $@1 stmtlist "}"
   18 assignment: . "name" "=" exp
   19 declarations: . "int" "name" "=" exp
   20             | . "float" "name" "=" exp
   21             | . "char" "name" "=" exp
   22             | . "bool" "name" "=" exp
   23             | . "int" "name" "=" "int" "[" exp "]"
   24             | . "float" "name" "=" "float" "[" exp "]"
   25             | . "char" "name" "=" "char" "[" exp "]"
   26             | . "bool" "name" "=" "bool" "[" exp "]"
   27 cond_stmt: . "if" "(" exp ")" statement
   28          | . "if" "(" exp ")" statement "else" statement
   28          | "if" "(" exp ")" statement "else" . statement
   29 loop_stmt: . while_head statement
   30          | . for_head statement
   31          | . "do" statement while_head
   32 while_head: . "while" "(" exp ")"
   33 for_head: . "for" "(" exp ";" exp "relop" exp ";" exp ")"
   43 input: . "input" "(" exp ")"
   44 echa: . "echa" "(" exp ")"
   56 func: . "func" "name" "(" $@2 ")" "->" type "{" stmtlist "}"
   58     | . "func" "name" "(" $@3 func_params ")" "->" type "{" stmtlist "}"

    "name"      сдвиг, и переход в состояние 1
    "{"         сдвиг, и переход в состояние 2
    "if"        сдвиг, и переход в состояние 3
    "int"       сдвиг, и переход в состояние 4
    "float"     сдвиг, и переход в состояние 5
    "char"      сдвиг, и переход в состояние 6
    "bool"      сдвиг, и переход в состояние 7
    "do"        сдвиг, и переход в состояние 8
    "while"     сдвиг, и переход в состояние 9
    "for"       сдвиг, и переход в состояние 10
    "break"     сдвиг, и переход в состояние 11
    "continue"  сдвиг, и переход в состояние 12
    "return"    сдвиг, и переход в состояние 13
    "input"     сдвиг, и переход в состояние 14
    "echa"      сдвиг, и переход в состояние 15
    "func"      сдвиг, и переход в состояние 16

    statement           переход в состояние 120
    compound_statement  переход в состояние 20
    assignment          переход в состояние 21
    declarations        переход в состояние 22
    cond_stmt           переход в состояние 23
    loop_stmt           переход в состояние 24
    while_head          переход в состояние 25
    for_head            переход в состояние 26
    input               переход в состояние 27
    echa                переход в состояние 28
    func                переход в состояние 29


Состояние 107

   23 declarations: "int" "name" "=" "int" "[" exp . "]"
   34 exp: exp . "relop" exp
   35    | exp . "plus" exp
   36    | exp . "minus" exp
   37    | exp . "mulop" exp

    "relop"  сдвиг, и переход в состояние 68
    "plus"   сдвиг, и переход в состояние 69
    "minus"  сдвиг, и переход в состояние 70
    "mulop"  сдвиг, и переход в состояние 71
    "]"      сдвиг, и переход в состояние 121


Состояние 108

   24 declarations: "float" "name" "=" "float" "[" exp . "]"
   34 exp: exp . "relop" exp
   35    | exp . "plus" exp
   36    | exp . "minus" exp
   37    | exp . "mulop" exp

    "relop"  сдвиг, и переход в состояние 68
    "plus"   сдвиг, и переход в состояние 69
    "minus"  сдвиг, и переход в состояние 70
    "mulop"  сдвиг, и переход в состояние 71
    "]"      сдвиг, и переход в состояние 122


Состояние 109

   25 declarations: "char" "name" "=" "char" "[" exp . "]"
   34 exp: exp . "relop" exp
   35    | exp . "plus" exp
   36    | exp . "minus" exp
   37    | exp . "mulop" exp

    "relop"  сдвиг, и переход в состояние 68
    "plus"   сдвиг, и переход в состояние 69
    "minus"  сдвиг, и переход в состояние 70
    "mulop"  сдвиг, и переход в состояние 71
    "]"      сдвиг, и переход в состояние 123


Состояние 110

   26 declarations: "bool" "name" "=" "bool" "[" exp . "]"
   34 exp: exp . "relop" exp
   35    | exp . "plus" exp
   36    | exp . "minus" exp
   37    | exp . "mulop" exp

    "relop"  сдвиг, и переход в состояние 68
    "plus"   сдвиг, и переход в состояние 69
    "minus"  сдвиг, и переход в состояние 70
    "mulop"  сдвиг, и переход в состояние 71
    "]"      сдвиг, и переход в состояние 124


Состояние 111

   33 for_head: "for" "(" exp ";" exp "relop" . exp ";" exp ")"
   34 exp: . exp "relop" exp
   34    | exp "relop" . exp
   35    | . exp "plus" exp
   36    | . exp "minus" exp
   37    | . exp "mulop" exp
   38    | . "(" exp ")"
   39    | . "minus" exp
   40    | . "floating point double precision"
   41    | . "integer"
   42    | . "name"

    "floating point double precision"  сдвиг, и переход в состояние 48
    "integer"                          сдвиг, и переход в состояние 49
    "name"                             сдвиг, и переход в состояние 50
    "minus"                            сдвиг, и переход в состояние 51
    "("                                сдвиг, и переход в состояние 52

    exp  переход в состояние 125


Состояние 112

   45 type: . "int"
   46     | . "float"
   47     | . "char"
   48     | . "bool"
   49     | . "int" "[" "]"
   50     | . "float" "[" "]"
   51     | . "char" "[" "]"
   52     | . "bool" "[" "]"
   56 func: "func" "name" "(" $@2 ")" "->" . type "{" stmtlist "}"

    "int"    сдвиг, и переход в состояние 100
    "float"  сдвиг, и переход в состояние 101
    "char"   сдвиг, и переход в состояние 102
    "bool"   сдвиг, и переход в состояние 103

    type  переход в состояние 126


Состояние 113

   49 type: "int" "[" . "]"

    "]"  сдвиг, и переход в состояние 127


Состояние 114

   50 type: "float" "[" . "]"

    "]"  сдвиг, и переход в состояние 128


Состояние 115

   51 type: "char" "[" . "]"

    "]"  сдвиг, и переход в состояние 129


Состояние 116

   52 type: "bool" "[" . "]"

    "]"  сдвиг, и переход в состояние 130


Состояние 117

   53 func_params: type "name" .

    $default  вывод с использованием правила 53 (func_params)


Состояние 118

   58 func: "func" "name" "(" $@3 func_params ")" . "->" type "{" stmtlist "}"

    "->"  сдвиг, и переход в состояние 131


Состояние 119

   45 type: . "int"
   46     | . "float"
   47     | . "char"
   48     | . "bool"
   49     | . "int" "[" "]"
   50     | . "float" "[" "]"
   51     | . "char" "[" "]"
   52     | . "bool" "[" "]"
   54 func_params: func_params "," . type "name"

    "int"    сдвиг, и переход в состояние 100
    "float"  сдвиг, и переход в состояние 101
    "char"   сдвиг, и переход в состояние 102
    "bool"   сдвиг, и переход в состояние 103

    type  переход в состояние 132


Состояние 120

   28 cond_stmt: "if" "(" exp ")" statement "else" statement .

    $default  вывод с использованием правила 28 (cond_stmt)


Состояние 121

   23 declarations: "int" "name" "=" "int" "[" exp "]" .

    $default  вывод с использованием правила 23 (declarations)


Состояние 122

   24 declarations: "float" "name" "=" "float" "[" exp "]" .

    $default  вывод с использованием правила 24 (declarations)


Состояние 123

   25 declarations: "char" "name" "=" "char" "[" exp "]" .

    $default  вывод с использованием правила 25 (declarations)


Состояние 124

   26 declarations: "bool" "name" "=" "bool" "[" exp "]" .

    $default  вывод с использованием правила 26 (declarations)


Состояние 125

   33 for_head: "for" "(" exp ";" exp "relop" exp . ";" exp ")"
   34 exp: exp . "relop" exp
   34    | exp "relop" exp .  ["relop"]
   35    | exp . "plus" exp
   36    | exp . "minus" exp
   37    | exp . "mulop" exp

    "plus"   сдвиг, и переход в состояние 69
    "minus"  сдвиг, и переход в состояние 70
    "mulop"  сдвиг, и переход в состояние 71
    ";"      сдвиг, и переход в состояние 133

    $default  вывод с использованием правила 34 (exp)

    Conflict between rule 34 and token "relop" resolved as reduce (%left "relop").
    Conflict between rule 34 and token "plus" resolved as shift ("relop" < "plus").
    Conflict between rule 34 and token "minus" resolved as shift ("relop" < "minus").
    Conflict between rule 34 and token "mulop" resolved as shift ("relop" < "mulop").


Состояние 126

   56 func: "func" "name" "(" $@2 ")" "->" type . "{" stmtlist "}"

    "{"  сдвиг, и переход в состояние 134


Состояние 127

   49 type: "int" "[" "]" .

    $default  вывод с использованием правила 49 (type)


Состояние 128

   50 type: "float" "[" "]" .

    $default  вывод с использованием правила 50 (type)


Состояние 129

   51 type: "char" "[" "]" .

    $default  вывод с использованием правила 51 (type)


Состояние 130

   52 type: "bool" "[" "]" .

    $default  вывод с использованием правила 52 (type)


Состояние 131

   45 type: . "int"
   46     | . "float"
   47     | . "char"
   48     | . "bool"
   49     | . "int" "[" "]"
   50     | . "float" "[" "]"
   51     | . "char" "[" "]"
   52     | . "bool" "[" "]"
   58 func: "func" "name" "(" $@3 func_params ")" "->" . type "{" stmtlist "}"

    "int"    сдвиг, и переход в состояние 100
    "float"  сдвиг, и переход в состояние 101
    "char"   сдвиг, и переход в состояние 102
    "bool"   сдвиг, и переход в состояние 103

    type  переход в состояние 135


Состояние 132

   54 func_params: func_params "," type . "name"

    "name"  сдвиг, и переход в состояние 136


Состояние 133

   33 for_head: "for" "(" exp ";" exp "relop" exp ";" . exp ")"
   34 exp: . exp "relop" exp
   35    | . exp "plus" exp
   36    | . exp "minus" exp
   37    | . exp "mulop" exp
   38    | . "(" exp ")"
   39    | . "minus" exp
   40    | . "floating point double precision"
   41    | . "integer"
   42    | . "name"

    "floating point double precision"  сдвиг, и переход в состояние 48
    "integer"                          сдвиг, и переход в состояние 49
    "name"                             сдвиг, и переход в состояние 50
    "minus"                            сдвиг, и переход в состояние 51
    "("                                сдвиг, и переход в состояние 52

    exp  переход в состояние 137


Состояние 134

    2 stmtlist: . statement stmtlist_tail
    5 statement: . assignment
    6          | . cond_stmt
    7          | . declarations
    8          | . compound_statement
    9          | . loop_stmt
   10          | . echa
   11          | . input
   12          | . func
   13          | . "return"
   14          | . "break"
   15          | . "continue"
   17 compound_statement: . "{" $@1 stmtlist "}"
   18 assignment: . "name" "=" exp
   19 declarations: . "int" "name" "=" exp
   20             | . "float" "name" "=" exp
   21             | . "char" "name" "=" exp
   22             | . "bool" "name" "=" exp
   23             | . "int" "name" "=" "int" "[" exp "]"
   24             | . "float" "name" "=" "float" "[" exp "]"
   25             | . "char" "name" "=" "char" "[" exp "]"
   26             | . "bool" "name" "=" "bool" "[" exp "]"
   27 cond_stmt: . "if" "(" exp ")" statement
   28          | . "if" "(" exp ")" statement "else" statement
   29 loop_stmt: . while_head statement
   30          | . for_head statement
   31          | . "do" statement while_head
   32 while_head: . "while" "(" exp ")"
   33 for_head: . "for" "(" exp ";" exp "relop" exp ";" exp ")"
   43 input: . "input" "(" exp ")"
   44 echa: . "echa" "(" exp ")"
   56 func: . "func" "name" "(" $@2 ")" "->" type "{" stmtlist "}"
   56     | "func" "name" "(" $@2 ")" "->" type "{" . stmtlist "}"
   58     | . "func" "name" "(" $@3 func_params ")" "->" type "{" stmtlist "}"

    "name"      сдвиг, и переход в состояние 1
    "{"         сдвиг, и переход в состояние 2
    "if"        сдвиг, и переход в состояние 3
    "int"       сдвиг, и переход в состояние 4
    "float"     сдвиг, и переход в состояние 5
    "char"      сдвиг, и переход в состояние 6
    "bool"      сдвиг, и переход в состояние 7
    "do"        сдвиг, и переход в состояние 8
    "while"     сдвиг, и переход в состояние 9
    "for"       сдвиг, и переход в состояние 10
    "break"     сдвиг, и переход в состояние 11
    "continue"  сдвиг, и переход в состояние 12
    "return"    сдвиг, и переход в состояние 13
    "input"     сдвиг, и переход в состояние 14
    "echa"      сдвиг, и переход в состояние 15
    "func"      сдвиг, и переход в состояние 16

    stmtlist            переход в состояние 138
    statement           переход в состояние 19
    compound_statement  переход в состояние 20
    assignment          переход в состояние 21
    declarations        переход в состояние 22
    cond_stmt           переход в состояние 23
    loop_stmt           переход в состояние 24
    while_head          переход в состояние 25
    for_head            переход в состояние 26
    input               переход в состояние 27
    echa                переход в состояние 28
    func                переход в состояние 29


Состояние 135

   58 func: "func" "name" "(" $@3 func_params ")" "->" type . "{" stmtlist "}"

    "{"  сдвиг, и переход в состояние 139


Состояние 136

   54 func_params: func_params "," type "name" .

    $default  вывод с использованием правила 54 (func_params)


Состояние 137

   33 for_head: "for" "(" exp ";" exp "relop" exp ";" exp . ")"
   34 exp: exp . "relop" exp
   35    | exp . "plus" exp
   36    | exp . "minus" exp
   37    | exp . "mulop" exp

    "relop"  сдвиг, и переход в состояние 68
    "plus"   сдвиг, и переход в состояние 69
    "minus"  сдвиг, и переход в состояние 70
    "mulop"  сдвиг, и переход в состояние 71
    ")"      сдвиг, и переход в состояние 140


Состояние 138

   56 func: "func" "name" "(" $@2 ")" "->" type "{" stmtlist . "}"

    "}"  сдвиг, и переход в состояние 141


Состояние 139

    2 stmtlist: . statement stmtlist_tail
    5 statement: . assignment
    6          | . cond_stmt
    7          | . declarations
    8          | . compound_statement
    9          | . loop_stmt
   10          | . echa
   11          | . input
   12          | . func
   13          | . "return"
   14          | . "break"
   15          | . "continue"
   17 compound_statement: . "{" $@1 stmtlist "}"
   18 assignment: . "name" "=" exp
   19 declarations: . "int" "name" "=" exp
   20             | . "float" "name" "=" exp
   21             | . "char" "name" "=" exp
   22             | . "bool" "name" "=" exp
   23             | . "int" "name" "=" "int" "[" exp "]"
   24             | . "float" "name" "=" "float" "[" exp "]"
   25             | . "char" "name" "=" "char" "[" exp "]"
   26             | . "bool" "name" "=" "bool" "[" exp "]"
   27 cond_stmt: . "if" "(" exp ")" statement
   28          | . "if" "(" exp ")" statement "else" statement
   29 loop_stmt: . while_head statement
   30          | . for_head statement
   31          | . "do" statement while_head
   32 while_head: . "while" "(" exp ")"
   33 for_head: . "for" "(" exp ";" exp "relop" exp ";" exp ")"
   43 input: . "input" "(" exp ")"
   44 echa: . "echa" "(" exp ")"
   56 func: . "func" "name" "(" $@2 ")" "->" type "{" stmtlist "}"
   58     | . "func" "name" "(" $@3 func_params ")" "->" type "{" stmtlist "}"
   58     | "func" "name" "(" $@3 func_params ")" "->" type "{" . stmtlist "}"

    "name"      сдвиг, и переход в состояние 1
    "{"         сдвиг, и переход в состояние 2
    "if"        сдвиг, и переход в состояние 3
    "int"       сдвиг, и переход в состояние 4
    "float"     сдвиг, и переход в состояние 5
    "char"      сдвиг, и переход в состояние 6
    "bool"      сдвиг, и переход в состояние 7
    "do"        сдвиг, и переход в состояние 8
    "while"     сдвиг, и переход в состояние 9
    "for"       сдвиг, и переход в состояние 10
    "break"     сдвиг, и переход в состояние 11
    "continue"  сдвиг, и переход в состояние 12
    "return"    сдвиг, и переход в состояние 13
    "input"     сдвиг, и переход в состояние 14
    "echa"      сдвиг, и переход в состояние 15
    "func"      сдвиг, и переход в состояние 16

    stmtlist            переход в состояние 142
    statement           переход в состояние 19
    compound_statement  переход в состояние 20
    assignment          переход в состояние 21
    declarations        переход в состояние 22
    cond_stmt           переход в состояние 23
    loop_stmt           переход в состояние 24
    while_head          переход в состояние 25
    for_head            переход в состояние 26
    input               переход в состояние 27
    echa                переход в состояние 28
    func                переход в состояние 29


Состояние 140

   33 for_head: "for" "(" exp ";" exp "relop" exp ";" exp ")" .

    $default  вывод с использованием правила 33 (for_head)


Состояние 141

   56 func: "func" "name" "(" $@2 ")" "->" type "{" stmtlist "}" .

    $default  вывод с использованием правила 56 (func)


Состояние 142

   58 func: "func" "name" "(" $@3 func_params ")" "->" type "{" stmtlist . "}"

    "}"  сдвиг, и переход в состояние 143


Состояние 143

   58 func: "func" "name" "(" $@3 func_params ")" "->" type "{" stmtlist "}" .

    $default  вывод с использованием правила 58 (func)
